{"/home/travis/build/npmtest/node-npmtest-loglevel/test.js":{"path":"/home/travis/build/npmtest/node-npmtest-loglevel/test.js","s":{"1":2,"2":2,"3":2,"4":2,"5":2,"6":2,"7":2,"8":1,"9":2,"10":2,"11":1,"12":1,"13":1,"14":1,"15":2,"16":2,"17":2,"18":2,"19":1,"20":1,"21":2,"22":2,"23":2,"24":1,"25":1,"26":1,"27":1,"28":1,"29":1,"30":1,"31":1,"32":1,"33":1,"34":1,"35":1,"36":1,"37":1,"38":1,"39":2,"40":2,"41":1,"42":2,"43":2,"44":1,"45":2,"46":2,"47":1,"48":2,"49":2,"50":1,"51":1,"52":1,"53":1,"54":1},"b":{"1":[2,1,1,1],"2":[1,1,1,1],"3":[1,1],"4":[1,1],"5":[1,1],"6":[1,1],"7":[1,1],"8":[1,1],"9":[1,1],"10":[1,1,1],"11":[1,1],"12":[1,1],"13":[1,1],"14":[1,1],"15":[1,1],"16":[1,1],"17":[1,1]},"f":{"1":2,"2":2,"3":2,"4":2,"5":2,"6":1,"7":1,"8":1,"9":2,"10":2,"11":2,"12":2,"13":1},"fnMap":{"1":{"name":"(anonymous_1)","line":12,"loc":{"start":{"line":12,"column":1},"end":{"line":12,"column":13}}},"2":{"name":"(anonymous_2)","line":19,"loc":{"start":{"line":19,"column":5},"end":{"line":19,"column":17}}},"3":{"name":"(anonymous_3)","line":23,"loc":{"start":{"line":23,"column":24},"end":{"line":23,"column":36}}},"4":{"name":"(anonymous_4)","line":61,"loc":{"start":{"line":61,"column":5},"end":{"line":61,"column":17}}},"5":{"name":"(anonymous_5)","line":82,"loc":{"start":{"line":82,"column":5},"end":{"line":82,"column":17}}},"6":{"name":"(anonymous_6)","line":91,"loc":{"start":{"line":91,"column":77},"end":{"line":94,"column":10}}},"7":{"name":"(anonymous_7)","line":112,"loc":{"start":{"line":112,"column":83},"end":{"line":115,"column":10}},"skip":true},"8":{"name":"(anonymous_8)","line":123,"loc":{"start":{"line":123,"column":77},"end":{"line":126,"column":10}},"skip":true},"9":{"name":"(anonymous_9)","line":139,"loc":{"start":{"line":139,"column":12},"end":{"line":139,"column":40}},"skip":true},"10":{"name":"(anonymous_10)","line":147,"loc":{"start":{"line":147,"column":77},"end":{"line":150,"column":10}},"skip":true},"11":{"name":"(anonymous_11)","line":158,"loc":{"start":{"line":158,"column":83},"end":{"line":161,"column":10}},"skip":true},"12":{"name":"(anonymous_12)","line":169,"loc":{"start":{"line":169,"column":79},"end":{"line":172,"column":10}},"skip":true},"13":{"name":"(anonymous_13)","line":180,"loc":{"start":{"line":180,"column":75},"end":{"line":183,"column":10}},"skip":true}},"statementMap":{"1":{"start":{"line":12,"column":0},"end":{"line":195,"column":5}},"2":{"start":{"line":14,"column":4},"end":{"line":14,"column":14}},"3":{"start":{"line":19,"column":4},"end":{"line":56,"column":9}},"4":{"start":{"line":21,"column":8},"end":{"line":21,"column":19}},"5":{"start":{"line":23,"column":8},"end":{"line":35,"column":13}},"6":{"start":{"line":24,"column":12},"end":{"line":34,"column":13}},"7":{"start":{"line":25,"column":16},"end":{"line":28,"column":30}},"8":{"start":{"line":30,"column":16},"end":{"line":33,"column":27}},"9":{"start":{"line":37,"column":8},"end":{"line":39,"column":21}},"10":{"start":{"line":40,"column":8},"end":{"line":53,"column":9}},"11":{"start":{"line":43,"column":12},"end":{"line":46,"column":14}},"12":{"start":{"line":47,"column":12},"end":{"line":47,"column":18}},"13":{"start":{"line":50,"column":12},"end":{"line":51,"column":33}},"14":{"start":{"line":52,"column":12},"end":{"line":52,"column":18}},"15":{"start":{"line":55,"column":8},"end":{"line":55,"column":35}},"16":{"start":{"line":61,"column":4},"end":{"line":63,"column":9}},"17":{"start":{"line":62,"column":8},"end":{"line":62,"column":15}},"18":{"start":{"line":64,"column":4},"end":{"line":77,"column":5}},"19":{"start":{"line":70,"column":8},"end":{"line":70,"column":14}},"20":{"start":{"line":76,"column":8},"end":{"line":76,"column":14}},"21":{"start":{"line":82,"column":4},"end":{"line":84,"column":9}},"22":{"start":{"line":83,"column":8},"end":{"line":83,"column":15}},"23":{"start":{"line":85,"column":4},"end":{"line":194,"column":5}},"24":{"start":{"line":91,"column":8},"end":{"line":99,"column":10}},"25":{"start":{"line":98,"column":12},"end":{"line":98,"column":35}},"26":{"start":{"line":102,"column":8},"end":{"line":104,"column":63}},"27":{"start":{"line":105,"column":8},"end":{"line":105,"column":14}},"28":{"start":{"line":112,"column":8},"end":{"line":121,"column":10},"skip":true},"29":{"start":{"line":119,"column":12},"end":{"line":119,"column":55},"skip":true},"30":{"start":{"line":120,"column":12},"end":{"line":120,"column":48},"skip":true},"31":{"start":{"line":123,"column":8},"end":{"line":136,"column":10},"skip":true},"32":{"start":{"line":130,"column":12},"end":{"line":130,"column":76},"skip":true},"33":{"start":{"line":131,"column":12},"end":{"line":131,"column":73},"skip":true},"34":{"start":{"line":132,"column":12},"end":{"line":132,"column":74},"skip":true},"35":{"start":{"line":133,"column":12},"end":{"line":133,"column":79},"skip":true},"36":{"start":{"line":134,"column":12},"end":{"line":134,"column":25},"skip":true},"37":{"start":{"line":135,"column":12},"end":{"line":135,"column":45},"skip":true},"38":{"start":{"line":138,"column":8},"end":{"line":145,"column":14},"skip":true},"39":{"start":{"line":143,"column":16},"end":{"line":143,"column":29},"skip":true},"40":{"start":{"line":144,"column":16},"end":{"line":144,"column":55},"skip":true},"41":{"start":{"line":147,"column":8},"end":{"line":156,"column":10},"skip":true},"42":{"start":{"line":154,"column":12},"end":{"line":154,"column":25},"skip":true},"43":{"start":{"line":155,"column":12},"end":{"line":155,"column":45},"skip":true},"44":{"start":{"line":158,"column":8},"end":{"line":167,"column":10},"skip":true},"45":{"start":{"line":165,"column":12},"end":{"line":165,"column":25},"skip":true},"46":{"start":{"line":166,"column":12},"end":{"line":166,"column":48},"skip":true},"47":{"start":{"line":169,"column":8},"end":{"line":178,"column":10},"skip":true},"48":{"start":{"line":176,"column":12},"end":{"line":176,"column":25},"skip":true},"49":{"start":{"line":177,"column":12},"end":{"line":177,"column":46},"skip":true},"50":{"start":{"line":180,"column":8},"end":{"line":189,"column":10},"skip":true},"51":{"start":{"line":187,"column":12},"end":{"line":187,"column":94},"skip":true},"52":{"start":{"line":188,"column":12},"end":{"line":188,"column":48},"skip":true},"53":{"start":{"line":192,"column":8},"end":{"line":192,"column":35},"skip":true},"54":{"start":{"line":193,"column":8},"end":{"line":193,"column":14},"skip":true}},"branchMap":{"1":{"line":25,"type":"binary-expr","locations":[{"start":{"line":25,"column":23},"end":{"line":25,"column":62}},{"start":{"line":26,"column":20},"end":{"line":26,"column":70}},{"start":{"line":27,"column":20},"end":{"line":27,"column":71}},{"start":{"line":28,"column":20},"end":{"line":28,"column":29}}]},"2":{"line":30,"type":"binary-expr","locations":[{"start":{"line":30,"column":23},"end":{"line":30,"column":37}},{"start":{"line":31,"column":20},"end":{"line":31,"column":61}},{"start":{"line":32,"column":20},"end":{"line":32,"column":70}},{"start":{"line":33,"column":20},"end":{"line":33,"column":26}}]},"3":{"line":37,"type":"cond-expr","locations":[{"start":{"line":38,"column":14},"end":{"line":38,"column":20}},{"start":{"line":39,"column":14},"end":{"line":39,"column":20}}]},"4":{"line":40,"type":"switch","locations":[{"start":{"line":42,"column":8},"end":{"line":47,"column":18}},{"start":{"line":49,"column":8},"end":{"line":52,"column":18}}]},"5":{"line":44,"type":"binary-expr","locations":[{"start":{"line":44,"column":16},"end":{"line":44,"column":44}},{"start":{"line":44,"column":48},"end":{"line":44,"column":66}}]},"6":{"line":50,"type":"binary-expr","locations":[{"start":{"line":50,"column":21},"end":{"line":50,"column":49}},{"start":{"line":50,"column":53},"end":{"line":50,"column":72}}]},"7":{"line":64,"type":"switch","locations":[{"start":{"line":69,"column":4},"end":{"line":70,"column":14}},{"start":{"line":75,"column":4},"end":{"line":76,"column":14}}]},"8":{"line":85,"type":"switch","locations":[{"start":{"line":90,"column":4},"end":{"line":105,"column":14}},{"start":{"line":111,"column":4},"end":{"line":193,"column":14},"skip":true}]},"9":{"line":91,"type":"binary-expr","locations":[{"start":{"line":91,"column":42},"end":{"line":91,"column":73}},{"start":{"line":91,"column":77},"end":{"line":99,"column":9}}]},"10":{"line":102,"type":"binary-expr","locations":[{"start":{"line":102,"column":18},"end":{"line":102,"column":32}},{"start":{"line":103,"column":12},"end":{"line":103,"column":53}},{"start":{"line":104,"column":12},"end":{"line":104,"column":61}}]},"11":{"line":112,"type":"binary-expr","locations":[{"start":{"line":112,"column":45},"end":{"line":112,"column":79},"skip":true},{"start":{"line":112,"column":83},"end":{"line":121,"column":9},"skip":true}]},"12":{"line":123,"type":"binary-expr","locations":[{"start":{"line":123,"column":42},"end":{"line":123,"column":73},"skip":true},{"start":{"line":123,"column":77},"end":{"line":136,"column":9},"skip":true}]},"13":{"line":138,"type":"binary-expr","locations":[{"start":{"line":138,"column":48},"end":{"line":138,"column":85},"skip":true},{"start":{"line":139,"column":12},"end":{"line":145,"column":13},"skip":true}]},"14":{"line":147,"type":"binary-expr","locations":[{"start":{"line":147,"column":42},"end":{"line":147,"column":73},"skip":true},{"start":{"line":147,"column":77},"end":{"line":156,"column":9},"skip":true}]},"15":{"line":158,"type":"binary-expr","locations":[{"start":{"line":158,"column":45},"end":{"line":158,"column":79},"skip":true},{"start":{"line":158,"column":83},"end":{"line":167,"column":9},"skip":true}]},"16":{"line":169,"type":"binary-expr","locations":[{"start":{"line":169,"column":43},"end":{"line":169,"column":75},"skip":true},{"start":{"line":169,"column":79},"end":{"line":178,"column":9},"skip":true}]},"17":{"line":180,"type":"binary-expr","locations":[{"start":{"line":180,"column":41},"end":{"line":180,"column":71},"skip":true},{"start":{"line":180,"column":75},"end":{"line":189,"column":9},"skip":true}]}},"code":["/* istanbul instrument in package npmtest_loglevel */","/*jslint","    bitwise: true,","    browser: true,","    maxerr: 8,","    maxlen: 96,","    node: true,","    nomen: true,","    regexp: true,","    stupid: true","*/","(function () {","    'use strict';","    var local;","","","","    // run shared js-env code - init-before","    (function () {","        // init local","        local = {};","        // init modeJs","        local.modeJs = (function () {","            try {","                return typeof navigator.userAgent === 'string' &&","                    typeof document.querySelector('body') === 'object' &&","                    typeof XMLHttpRequest.prototype.open === 'function' &&","                    'browser';","            } catch (errorCaughtBrowser) {","                return module.exports &&","                    typeof process.versions.node === 'string' &&","                    typeof require('http').createServer === 'function' &&","                    'node';","            }","        }());","        // init global","        local.global = local.modeJs === 'browser'","            ? window","            : global;","        switch (local.modeJs) {","        // re-init local from window.local","        case 'browser':","            local = local.global.utility2.objectSetDefault(","                local.global.utility2_rollup || local.global.local,","                local.global.utility2","            );","            break;","        // re-init local from example.js","        case 'node':","            local = (local.global.utility2_rollup || require('utility2'))","                .requireReadme();","            break;","        }","        // export local","        local.global.local = local;","    }());","","","","    // run shared js-env code - function","    (function () {","        return;","    }());","    switch (local.modeJs) {","","","","    // run browser js-env code - function","    case 'browser':","        break;","","","","    // run node js-env code - function","    case 'node':","        break;","    }","","","","    // run shared js-env code - init-after","    (function () {","        return;","    }());","    switch (local.modeJs) {","","","","    // run browser js-env code - init-after","    case 'browser':","        local.testCase_browser_nullCase = local.testCase_browser_nullCase || function (","            options,","            onError","        ) {","        /*","         * this function will test browsers's null-case handling-behavior-behavior","         */","            onError(null, options);","        };","","        // run tests","        local.nop(local.modeTest &&","            document.querySelector('#testRunButton1') &&","            document.querySelector('#testRunButton1').click());","        break;","","","","    // run node js-env code - init-after","    /* istanbul ignore next */","    case 'node':","        local.testCase_buildApidoc_default = local.testCase_buildApidoc_default || function (","            options,","            onError","        ) {","        /*","         * this function will test buildApidoc's default handling-behavior-behavior","         */","            options = { modulePathList: module.paths };","            local.buildApidoc(options, onError);","        };","","        local.testCase_buildApp_default = local.testCase_buildApp_default || function (","            options,","            onError","        ) {","        /*","         * this function will test buildApp's default handling-behavior-behavior","         */","            local.testCase_buildReadme_default(options, local.onErrorThrow);","            local.testCase_buildLib_default(options, local.onErrorThrow);","            local.testCase_buildTest_default(options, local.onErrorThrow);","            local.testCase_buildCustomOrg_default(options, local.onErrorThrow);","            options = [];","            local.buildApp(options, onError);","        };","","        local.testCase_buildCustomOrg_default = local.testCase_buildCustomOrg_default ||","            function (options, onError) {","            /*","             * this function will test buildCustomOrg's default handling-behavior","             */","                options = {};","                local.buildCustomOrg(options, onError);","            };","","        local.testCase_buildLib_default = local.testCase_buildLib_default || function (","            options,","            onError","        ) {","        /*","         * this function will test buildLib's default handling-behavior","         */","            options = {};","            local.buildLib(options, onError);","        };","","        local.testCase_buildReadme_default = local.testCase_buildReadme_default || function (","            options,","            onError","        ) {","        /*","         * this function will test buildReadme's default handling-behavior-behavior","         */","            options = {};","            local.buildReadme(options, onError);","        };","","        local.testCase_buildTest_default = local.testCase_buildTest_default || function (","            options,","            onError","        ) {","        /*","         * this function will test buildTest's default handling-behavior","         */","            options = {};","            local.buildTest(options, onError);","        };","","        local.testCase_webpage_default = local.testCase_webpage_default || function (","            options,","            onError","        ) {","        /*","         * this function will test webpage's default handling-behavior","         */","            options = { modeCoverageMerge: true, url: local.serverLocalHost + '?modeTest=1' };","            local.browserTest(options, onError);","        };","","        // run test-server","        local.testRunServer(local);","        break;","    }","}());",""],"l":{"12":2,"14":2,"19":2,"21":2,"23":2,"24":2,"25":2,"30":1,"37":2,"40":2,"43":1,"47":1,"50":1,"52":1,"55":2,"61":2,"62":2,"64":2,"70":1,"76":1,"82":2,"83":2,"85":2,"91":1,"98":1,"102":1,"105":1,"112":1,"119":1,"120":1,"123":1,"130":1,"131":1,"132":1,"133":1,"134":1,"135":1,"138":1,"143":2,"144":2,"147":1,"154":2,"155":2,"158":1,"165":2,"166":2,"169":1,"176":2,"177":2,"180":1,"187":1,"188":1,"192":1,"193":1}},"/home/travis/build/npmtest/node-npmtest-loglevel/lib.npmtest_loglevel.js":{"path":"/home/travis/build/npmtest/node-npmtest-loglevel/lib.npmtest_loglevel.js","s":{"1":2,"2":2,"3":2,"4":2,"5":2,"6":2,"7":2,"8":1,"9":2,"10":2,"11":2,"12":2,"13":1,"14":1,"15":1,"16":1},"b":{"1":[2,1,1,1],"2":[1,1,1,1],"3":[1,1],"4":[2,2],"5":[1,1]},"f":{"1":2,"2":2,"3":2},"fnMap":{"1":{"name":"(anonymous_1)","line":12,"loc":{"start":{"line":12,"column":1},"end":{"line":12,"column":13}}},"2":{"name":"(anonymous_2)","line":19,"loc":{"start":{"line":19,"column":5},"end":{"line":19,"column":17}}},"3":{"name":"(anonymous_3)","line":23,"loc":{"start":{"line":23,"column":24},"end":{"line":23,"column":36}}}},"statementMap":{"1":{"start":{"line":12,"column":0},"end":{"line":53,"column":5}},"2":{"start":{"line":14,"column":4},"end":{"line":14,"column":14}},"3":{"start":{"line":19,"column":4},"end":{"line":52,"column":9}},"4":{"start":{"line":21,"column":8},"end":{"line":21,"column":19}},"5":{"start":{"line":23,"column":8},"end":{"line":35,"column":13}},"6":{"start":{"line":24,"column":12},"end":{"line":34,"column":13}},"7":{"start":{"line":25,"column":16},"end":{"line":28,"column":30}},"8":{"start":{"line":30,"column":16},"end":{"line":33,"column":27}},"9":{"start":{"line":37,"column":8},"end":{"line":39,"column":21}},"10":{"start":{"line":41,"column":8},"end":{"line":41,"column":54}},"11":{"start":{"line":43,"column":8},"end":{"line":43,"column":53}},"12":{"start":{"line":45,"column":8},"end":{"line":51,"column":9}},"13":{"start":{"line":46,"column":12},"end":{"line":46,"column":59}},"14":{"start":{"line":48,"column":12},"end":{"line":48,"column":35}},"15":{"start":{"line":49,"column":12},"end":{"line":49,"column":49}},"16":{"start":{"line":50,"column":12},"end":{"line":50,"column":43}}},"branchMap":{"1":{"line":25,"type":"binary-expr","locations":[{"start":{"line":25,"column":23},"end":{"line":25,"column":62}},{"start":{"line":26,"column":20},"end":{"line":26,"column":70}},{"start":{"line":27,"column":20},"end":{"line":27,"column":71}},{"start":{"line":28,"column":20},"end":{"line":28,"column":29}}]},"2":{"line":30,"type":"binary-expr","locations":[{"start":{"line":30,"column":23},"end":{"line":30,"column":37}},{"start":{"line":31,"column":20},"end":{"line":31,"column":61}},{"start":{"line":32,"column":20},"end":{"line":32,"column":70}},{"start":{"line":33,"column":20},"end":{"line":33,"column":26}}]},"3":{"line":37,"type":"cond-expr","locations":[{"start":{"line":38,"column":14},"end":{"line":38,"column":20}},{"start":{"line":39,"column":14},"end":{"line":39,"column":20}}]},"4":{"line":41,"type":"binary-expr","locations":[{"start":{"line":41,"column":16},"end":{"line":41,"column":44}},{"start":{"line":41,"column":48},"end":{"line":41,"column":53}}]},"5":{"line":45,"type":"if","locations":[{"start":{"line":45,"column":8},"end":{"line":45,"column":8}},{"start":{"line":45,"column":8},"end":{"line":45,"column":8}}]}},"code":["/* istanbul instrument in package npmtest_loglevel */","/*jslint","    bitwise: true,","    browser: true,","    maxerr: 8,","    maxlen: 96,","    node: true,","    nomen: true,","    regexp: true,","    stupid: true","*/","(function () {","    'use strict';","    var local;","","","","    // run shared js-env code - init-before","    (function () {","        // init local","        local = {};","        // init modeJs","        local.modeJs = (function () {","            try {","                return typeof navigator.userAgent === 'string' &&","                    typeof document.querySelector('body') === 'object' &&","                    typeof XMLHttpRequest.prototype.open === 'function' &&","                    'browser';","            } catch (errorCaughtBrowser) {","                return module.exports &&","                    typeof process.versions.node === 'string' &&","                    typeof require('http').createServer === 'function' &&","                    'node';","            }","        }());","        // init global","        local.global = local.modeJs === 'browser'","            ? window","            : global;","        // init utility2_rollup","        local = local.global.utility2_rollup || local;","        // init lib","        local.local = local.npmtest_loglevel = local;","        // init exports","        if (local.modeJs === 'browser') {","            local.global.utility2_npmtest_loglevel = local;","        } else {","            module.exports = local;","            module.exports.__dirname = __dirname;","            module.exports.module = module;","        }","    }());","}());",""],"l":{"12":2,"14":2,"19":2,"21":2,"23":2,"24":2,"25":2,"30":1,"37":2,"41":2,"43":2,"45":2,"46":1,"48":1,"49":1,"50":1}},"/home/travis/build/npmtest/node-npmtest-loglevel/example.js":{"path":"/home/travis/build/npmtest/node-npmtest-loglevel/example.js","s":{"1":2,"2":2,"3":2,"4":2,"5":2,"6":2,"7":2,"8":1,"9":2,"10":2,"11":2,"12":2,"13":1,"14":2,"15":2,"16":2,"17":2,"18":2,"19":0,"20":2,"21":1,"22":1,"23":1,"24":1,"25":1,"26":0,"27":0,"28":1,"29":1,"30":2,"31":0,"32":0,"33":0,"34":1,"35":2,"36":2,"37":3,"38":3,"39":3,"40":3,"41":0,"42":3,"43":3,"44":3,"45":1,"46":3,"47":1,"48":1,"49":1,"50":1,"51":1,"52":1,"53":1,"54":1,"55":1,"56":1,"57":0,"58":1,"59":6,"60":6,"61":1,"62":2,"63":0,"64":2,"65":1,"66":1,"67":0,"68":0,"69":0,"70":0,"71":0,"72":0,"73":0,"74":0,"75":0,"76":0,"77":0,"78":0,"79":0,"80":0,"81":0,"82":0,"83":0},"b":{"1":[2,1,1,1],"2":[1,1,1,1],"3":[1,1],"4":[2,2],"5":[1,1],"6":[1,1],"7":[2,0],"8":[2,1,1,1,1,1],"9":[0,2,0],"10":[1,1],"11":[2,1,1],"12":[1,0],"13":[0,2],"14":[2,0,0,0,0,0,0],"15":[0,3],"16":[3,0],"17":[1,1],"18":[0,1],"19":[1,2,0,2],"20":[1,0],"21":[1,1],"22":[0,0],"23":[0,0],"24":[0,0],"25":[0,0],"26":[0,0],"27":[0,0],"28":[0,0]},"f":{"1":2,"2":2,"3":2,"4":2,"5":2,"6":2,"7":3,"8":3,"9":3,"10":1,"11":6,"12":0},"fnMap":{"1":{"name":"(anonymous_1)","line":26,"loc":{"start":{"line":26,"column":1},"end":{"line":26,"column":13}}},"2":{"name":"(anonymous_2)","line":33,"loc":{"start":{"line":33,"column":5},"end":{"line":33,"column":17}}},"3":{"name":"(anonymous_3)","line":37,"loc":{"start":{"line":37,"column":24},"end":{"line":37,"column":36}}},"4":{"name":"(anonymous_4)","line":69,"loc":{"start":{"line":69,"column":31},"end":{"line":69,"column":48}},"skip":true},"5":{"name":"(anonymous_5)","line":78,"loc":{"start":{"line":78,"column":26},"end":{"line":78,"column":45}},"skip":true},"6":{"name":"(anonymous_6)","line":123,"loc":{"start":{"line":123,"column":33},"end":{"line":123,"column":48}},"skip":true},"7":{"name":"(anonymous_7)","line":125,"loc":{"start":{"line":125,"column":27},"end":{"line":125,"column":39}},"skip":true},"8":{"name":"(anonymous_8)","line":133,"loc":{"start":{"line":133,"column":59},"end":{"line":133,"column":74}},"skip":true},"9":{"name":"(anonymous_9)","line":143,"loc":{"start":{"line":143,"column":45},"end":{"line":143,"column":62}},"skip":true},"10":{"name":"(anonymous_10)","line":144,"loc":{"start":{"line":144,"column":73},"end":{"line":144,"column":92}},"skip":true},"11":{"name":"(anonymous_11)","line":272,"loc":{"start":{"line":272,"column":51},"end":{"line":272,"column":77}},"skip":true},"12":{"name":"(anonymous_12)","line":315,"loc":{"start":{"line":315,"column":32},"end":{"line":315,"column":61}},"skip":true}},"statementMap":{"1":{"start":{"line":26,"column":0},"end":{"line":326,"column":5}},"2":{"start":{"line":28,"column":4},"end":{"line":28,"column":14}},"3":{"start":{"line":33,"column":4},"end":{"line":60,"column":9}},"4":{"start":{"line":35,"column":8},"end":{"line":35,"column":19}},"5":{"start":{"line":37,"column":8},"end":{"line":49,"column":13}},"6":{"start":{"line":38,"column":12},"end":{"line":48,"column":13}},"7":{"start":{"line":39,"column":16},"end":{"line":42,"column":30}},"8":{"start":{"line":44,"column":16},"end":{"line":47,"column":27}},"9":{"start":{"line":51,"column":8},"end":{"line":53,"column":21}},"10":{"start":{"line":55,"column":8},"end":{"line":57,"column":45}},"11":{"start":{"line":59,"column":8},"end":{"line":59,"column":35}},"12":{"start":{"line":61,"column":4},"end":{"line":325,"column":5}},"13":{"start":{"line":69,"column":8},"end":{"line":121,"column":10},"skip":true},"14":{"start":{"line":70,"column":12},"end":{"line":88,"column":13},"skip":true},"15":{"start":{"line":76,"column":16},"end":{"line":87,"column":19},"skip":true},"16":{"start":{"line":79,"column":20},"end":{"line":86,"column":21},"skip":true},"17":{"start":{"line":82,"column":24},"end":{"line":82,"column":43},"skip":true},"18":{"start":{"line":83,"column":24},"end":{"line":83,"column":30},"skip":true},"19":{"start":{"line":85,"column":24},"end":{"line":85,"column":49},"skip":true},"20":{"start":{"line":89,"column":12},"end":{"line":107,"column":13},"skip":true},"21":{"start":{"line":92,"column":16},"end":{"line":102,"column":17},"skip":true},"22":{"start":{"line":93,"column":20},"end":{"line":93,"column":86},"skip":true},"23":{"start":{"line":94,"column":20},"end":{"line":95,"column":45},"skip":true},"24":{"start":{"line":96,"column":20},"end":{"line":96,"column":42},"skip":true},"25":{"start":{"line":97,"column":20},"end":{"line":97,"column":48},"skip":true},"26":{"start":{"line":100,"column":20},"end":{"line":100,"column":85},"skip":true},"27":{"start":{"line":101,"column":20},"end":{"line":101,"column":96},"skip":true},"28":{"start":{"line":103,"column":16},"end":{"line":103,"column":22},"skip":true},"29":{"start":{"line":106,"column":16},"end":{"line":106,"column":22},"skip":true},"30":{"start":{"line":108,"column":12},"end":{"line":120,"column":13},"skip":true},"31":{"start":{"line":114,"column":16},"end":{"line":119,"column":17},"skip":true},"32":{"start":{"line":116,"column":20},"end":{"line":116,"column":78},"skip":true},"33":{"start":{"line":118,"column":20},"end":{"line":118,"column":47},"skip":true},"34":{"start":{"line":123,"column":8},"end":{"line":141,"column":11},"skip":true},"35":{"start":{"line":124,"column":12},"end":{"line":124,"column":54},"skip":true},"36":{"start":{"line":125,"column":12},"end":{"line":140,"column":14},"skip":true},"37":{"start":{"line":126,"column":16},"end":{"line":126,"column":28},"skip":true},"38":{"start":{"line":127,"column":16},"end":{"line":127,"column":69},"skip":true},"39":{"start":{"line":128,"column":16},"end":{"line":128,"column":75},"skip":true},"40":{"start":{"line":129,"column":16},"end":{"line":131,"column":17},"skip":true},"41":{"start":{"line":130,"column":20},"end":{"line":130,"column":27},"skip":true},"42":{"start":{"line":133,"column":16},"end":{"line":137,"column":36},"skip":true},"43":{"start":{"line":134,"column":20},"end":{"line":136,"column":55},"skip":true},"44":{"start":{"line":139,"column":16},"end":{"line":139,"column":57},"skip":true},"45":{"start":{"line":143,"column":8},"end":{"line":147,"column":11},"skip":true},"46":{"start":{"line":144,"column":12},"end":{"line":146,"column":15},"skip":true},"47":{"start":{"line":145,"column":16},"end":{"line":145,"column":70},"skip":true},"48":{"start":{"line":149,"column":8},"end":{"line":149,"column":31},"skip":true},"49":{"start":{"line":150,"column":8},"end":{"line":150,"column":14},"skip":true},"50":{"start":{"line":158,"column":8},"end":{"line":158,"column":31},"skip":true},"51":{"start":{"line":160,"column":8},"end":{"line":160,"column":33},"skip":true},"52":{"start":{"line":161,"column":8},"end":{"line":161,"column":37},"skip":true},"53":{"start":{"line":162,"column":8},"end":{"line":162,"column":35},"skip":true},"54":{"start":{"line":164,"column":8},"end":{"line":164,"column":50},"skip":true},"55":{"start":{"line":166,"column":8},"end":{"line":256,"column":2},"skip":true},"56":{"start":{"line":258,"column":8},"end":{"line":286,"column":9},"skip":true},"57":{"start":{"line":259,"column":12},"end":{"line":269,"column":14},"skip":true},"58":{"start":{"line":271,"column":12},"end":{"line":285,"column":19},"skip":true},"59":{"start":{"line":274,"column":20},"end":{"line":274,"column":35},"skip":true},"60":{"start":{"line":275,"column":20},"end":{"line":284,"column":21},"skip":true},"61":{"start":{"line":277,"column":24},"end":{"line":277,"column":64},"skip":true},"62":{"start":{"line":279,"column":24},"end":{"line":279,"column":40},"skip":true},"63":{"start":{"line":281,"column":24},"end":{"line":281,"column":40},"skip":true},"64":{"start":{"line":283,"column":24},"end":{"line":283,"column":39},"skip":true},"65":{"start":{"line":288,"column":8},"end":{"line":290,"column":9},"skip":true},"66":{"start":{"line":289,"column":12},"end":{"line":289,"column":18},"skip":true},"67":{"start":{"line":291,"column":8},"end":{"line":293,"column":54},"skip":true},"68":{"start":{"line":296,"column":8},"end":{"line":301,"column":37},"skip":true},"69":{"start":{"line":303,"column":8},"end":{"line":303,"column":82},"skip":true},"70":{"start":{"line":306,"column":8},"end":{"line":308,"column":9},"skip":true},"71":{"start":{"line":307,"column":12},"end":{"line":307,"column":82},"skip":true},"72":{"start":{"line":310,"column":8},"end":{"line":312,"column":9},"skip":true},"73":{"start":{"line":311,"column":12},"end":{"line":311,"column":18},"skip":true},"74":{"start":{"line":313,"column":8},"end":{"line":313,"column":54},"skip":true},"75":{"start":{"line":314,"column":8},"end":{"line":314,"column":69},"skip":true},"76":{"start":{"line":315,"column":8},"end":{"line":323,"column":36},"skip":true},"77":{"start":{"line":316,"column":12},"end":{"line":316,"column":61},"skip":true},"78":{"start":{"line":317,"column":12},"end":{"line":320,"column":13},"skip":true},"79":{"start":{"line":318,"column":16},"end":{"line":318,"column":75},"skip":true},"80":{"start":{"line":319,"column":16},"end":{"line":319,"column":23},"skip":true},"81":{"start":{"line":321,"column":12},"end":{"line":321,"column":38},"skip":true},"82":{"start":{"line":322,"column":12},"end":{"line":322,"column":27},"skip":true},"83":{"start":{"line":324,"column":8},"end":{"line":324,"column":14},"skip":true}},"branchMap":{"1":{"line":39,"type":"binary-expr","locations":[{"start":{"line":39,"column":23},"end":{"line":39,"column":62}},{"start":{"line":40,"column":20},"end":{"line":40,"column":70}},{"start":{"line":41,"column":20},"end":{"line":41,"column":71}},{"start":{"line":42,"column":20},"end":{"line":42,"column":29}}]},"2":{"line":44,"type":"binary-expr","locations":[{"start":{"line":44,"column":23},"end":{"line":44,"column":37}},{"start":{"line":45,"column":20},"end":{"line":45,"column":61}},{"start":{"line":46,"column":20},"end":{"line":46,"column":70}},{"start":{"line":47,"column":20},"end":{"line":47,"column":26}}]},"3":{"line":51,"type":"cond-expr","locations":[{"start":{"line":52,"column":14},"end":{"line":52,"column":20}},{"start":{"line":53,"column":14},"end":{"line":53,"column":20}}]},"4":{"line":55,"type":"binary-expr","locations":[{"start":{"line":55,"column":16},"end":{"line":55,"column":44}},{"start":{"line":55,"column":49},"end":{"line":57,"column":43}}]},"5":{"line":55,"type":"cond-expr","locations":[{"start":{"line":56,"column":14},"end":{"line":56,"column":52}},{"start":{"line":57,"column":14},"end":{"line":57,"column":43}}]},"6":{"line":61,"type":"switch","locations":[{"start":{"line":68,"column":4},"end":{"line":150,"column":14},"skip":true},{"start":{"line":156,"column":4},"end":{"line":324,"column":14},"skip":true}]},"7":{"line":70,"type":"if","locations":[{"start":{"line":70,"column":12},"end":{"line":70,"column":12},"skip":true},{"start":{"line":70,"column":12},"end":{"line":70,"column":12},"skip":true}]},"8":{"line":70,"type":"binary-expr","locations":[{"start":{"line":70,"column":16},"end":{"line":70,"column":22},"skip":true},{"start":{"line":70,"column":27},"end":{"line":70,"column":32},"skip":true},{"start":{"line":71,"column":20},"end":{"line":71,"column":39},"skip":true},{"start":{"line":72,"column":20},"end":{"line":72,"column":49},"skip":true},{"start":{"line":73,"column":20},"end":{"line":73,"column":58},"skip":true},{"start":{"line":74,"column":20},"end":{"line":74,"column":69},"skip":true}]},"9":{"line":79,"type":"switch","locations":[{"start":{"line":80,"column":20},"end":{"line":80,"column":33},"skip":true},{"start":{"line":81,"column":20},"end":{"line":83,"column":30},"skip":true},{"start":{"line":84,"column":20},"end":{"line":85,"column":49},"skip":true}]},"10":{"line":89,"type":"switch","locations":[{"start":{"line":90,"column":12},"end":{"line":103,"column":22},"skip":true},{"start":{"line":105,"column":12},"end":{"line":106,"column":22},"skip":true}]},"11":{"line":89,"type":"binary-expr","locations":[{"start":{"line":89,"column":20},"end":{"line":89,"column":25},"skip":true},{"start":{"line":89,"column":29},"end":{"line":89,"column":48},"skip":true},{"start":{"line":89,"column":52},"end":{"line":89,"column":74},"skip":true}]},"12":{"line":92,"type":"if","locations":[{"start":{"line":92,"column":16},"end":{"line":92,"column":16},"skip":true},{"start":{"line":92,"column":16},"end":{"line":92,"column":16},"skip":true}]},"13":{"line":108,"type":"if","locations":[{"start":{"line":108,"column":12},"end":{"line":108,"column":12},"skip":true},{"start":{"line":108,"column":12},"end":{"line":108,"column":12},"skip":true}]},"14":{"line":108,"type":"binary-expr","locations":[{"start":{"line":108,"column":16},"end":{"line":108,"column":61},"skip":true},{"start":{"line":108,"column":66},"end":{"line":108,"column":72},"skip":true},{"start":{"line":108,"column":77},"end":{"line":108,"column":82},"skip":true},{"start":{"line":109,"column":20},"end":{"line":109,"column":39},"skip":true},{"start":{"line":110,"column":20},"end":{"line":110,"column":49},"skip":true},{"start":{"line":111,"column":20},"end":{"line":111,"column":58},"skip":true},{"start":{"line":112,"column":20},"end":{"line":112,"column":68},"skip":true}]},"15":{"line":129,"type":"if","locations":[{"start":{"line":129,"column":16},"end":{"line":129,"column":16},"skip":true},{"start":{"line":129,"column":16},"end":{"line":129,"column":16},"skip":true}]},"16":{"line":134,"type":"cond-expr","locations":[{"start":{"line":135,"column":26},"end":{"line":135,"column":29},"skip":true},{"start":{"line":136,"column":26},"end":{"line":136,"column":54},"skip":true}]},"17":{"line":164,"type":"binary-expr","locations":[{"start":{"line":164,"column":27},"end":{"line":164,"column":43},"skip":true},{"start":{"line":164,"column":47},"end":{"line":164,"column":49},"skip":true}]},"18":{"line":258,"type":"if","locations":[{"start":{"line":258,"column":8},"end":{"line":258,"column":8},"skip":true},{"start":{"line":258,"column":8},"end":{"line":258,"column":8},"skip":true}]},"19":{"line":275,"type":"switch","locations":[{"start":{"line":276,"column":20},"end":{"line":277,"column":64},"skip":true},{"start":{"line":278,"column":20},"end":{"line":279,"column":40},"skip":true},{"start":{"line":280,"column":20},"end":{"line":281,"column":40},"skip":true},{"start":{"line":282,"column":20},"end":{"line":283,"column":39},"skip":true}]},"20":{"line":288,"type":"if","locations":[{"start":{"line":288,"column":8},"end":{"line":288,"column":8},"skip":true},{"start":{"line":288,"column":8},"end":{"line":288,"column":8},"skip":true}]},"21":{"line":288,"type":"binary-expr","locations":[{"start":{"line":288,"column":12},"end":{"line":288,"column":40},"skip":true},{"start":{"line":288,"column":44},"end":{"line":288,"column":67},"skip":true}]},"22":{"line":292,"type":"binary-expr","locations":[{"start":{"line":292,"column":12},"end":{"line":292,"column":50},"skip":true},{"start":{"line":293,"column":12},"end":{"line":293,"column":53},"skip":true}]},"23":{"line":297,"type":"binary-expr","locations":[{"start":{"line":297,"column":12},"end":{"line":297,"column":66},"skip":true},{"start":{"line":298,"column":12},"end":{"line":301,"column":36},"skip":true}]},"24":{"line":303,"type":"binary-expr","locations":[{"start":{"line":303,"column":43},"end":{"line":303,"column":75},"skip":true},{"start":{"line":303,"column":79},"end":{"line":303,"column":81},"skip":true}]},"25":{"line":306,"type":"if","locations":[{"start":{"line":306,"column":8},"end":{"line":306,"column":8},"skip":true},{"start":{"line":306,"column":8},"end":{"line":306,"column":8},"skip":true}]},"26":{"line":310,"type":"if","locations":[{"start":{"line":310,"column":8},"end":{"line":310,"column":8},"skip":true},{"start":{"line":310,"column":8},"end":{"line":310,"column":8},"skip":true}]},"27":{"line":313,"type":"binary-expr","locations":[{"start":{"line":313,"column":27},"end":{"line":313,"column":43},"skip":true},{"start":{"line":313,"column":47},"end":{"line":313,"column":53},"skip":true}]},"28":{"line":317,"type":"if","locations":[{"start":{"line":317,"column":12},"end":{"line":317,"column":12},"skip":true},{"start":{"line":317,"column":12},"end":{"line":317,"column":12},"skip":true}]}},"code":["/*","example.js","","quickstart example","","instruction","    1. save this script as example.js","    2. run the shell command:","        $ npm install npmtest-loglevel && PORT=8081 node example.js","    3. play with the browser-demo on http://127.0.0.1:8081","*/","","","","/* istanbul instrument in package npmtest_loglevel */","/*jslint","    bitwise: true,","    browser: true,","    maxerr: 8,","    maxlen: 96,","    node: true,","    nomen: true,","    regexp: true,","    stupid: true","*/","(function () {","    'use strict';","    var local;","","","","    // run shared js-env code - init-before","    (function () {","        // init local","        local = {};","        // init modeJs","        local.modeJs = (function () {","            try {","                return typeof navigator.userAgent === 'string' &&","                    typeof document.querySelector('body') === 'object' &&","                    typeof XMLHttpRequest.prototype.open === 'function' &&","                    'browser';","            } catch (errorCaughtBrowser) {","                return module.exports &&","                    typeof process.versions.node === 'string' &&","                    typeof require('http').createServer === 'function' &&","                    'node';","            }","        }());","        // init global","        local.global = local.modeJs === 'browser'","            ? window","            : global;","        // init utility2_rollup","        local = local.global.utility2_rollup || (local.modeJs === 'browser'","            ? local.global.utility2_npmtest_loglevel","            : global.utility2_moduleExports);","        // export local","        local.global.local = local;","    }());","    switch (local.modeJs) {","","","","    // init-after","    // run browser js-env code - init-after","    /* istanbul ignore next */","    case 'browser':","        local.testRunBrowser = function (event) {","            if (!event || (event &&","                    event.currentTarget &&","                    event.currentTarget.className &&","                    event.currentTarget.className.includes &&","                    event.currentTarget.className.includes('onreset'))) {","                // reset output","                Array.from(","                    document.querySelectorAll('body > .resettable')","                ).forEach(function (element) {","                    switch (element.tagName) {","                    case 'INPUT':","                    case 'TEXTAREA':","                        element.value = '';","                        break;","                    default:","                        element.textContent = '';","                    }","                });","            }","            switch (event && event.currentTarget && event.currentTarget.id) {","            case 'testRunButton1':","                // show tests","                if (document.querySelector('#testReportDiv1').style.display === 'none') {","                    document.querySelector('#testReportDiv1').style.display = 'block';","                    document.querySelector('#testRunButton1').textContent =","                        'hide internal test';","                    local.modeTest = true;","                    local.testRunDefault(local);","                // hide tests","                } else {","                    document.querySelector('#testReportDiv1').style.display = 'none';","                    document.querySelector('#testRunButton1').textContent = 'run internal test';","                }","                break;","            // custom-case","            default:","                break;","            }","            if (document.querySelector('#inputTextareaEval1') && (!event || (event &&","                    event.currentTarget &&","                    event.currentTarget.className &&","                    event.currentTarget.className.includes &&","                    event.currentTarget.className.includes('oneval')))) {","                // try to eval input-code","                try {","                    /*jslint evil: true*/","                    eval(document.querySelector('#inputTextareaEval1').value);","                } catch (errorCaught) {","                    console.error(errorCaught);","                }","            }","        };","        // log stderr and stdout to #outputTextareaStdout1","        ['error', 'log'].forEach(function (key) {","            console[key + '_original'] = console[key];","            console[key] = function () {","                var element;","                console[key + '_original'].apply(console, arguments);","                element = document.querySelector('#outputTextareaStdout1');","                if (!element) {","                    return;","                }","                // append text to #outputTextareaStdout1","                element.value += Array.from(arguments).map(function (arg) {","                    return typeof arg === 'string'","                        ? arg","                        : JSON.stringify(arg, null, 4);","                }).join(' ') + '\\n';","                // scroll textarea to bottom","                element.scrollTop = element.scrollHeight;","            };","        });","        // init event-handling","        ['change', 'click', 'keyup'].forEach(function (event) {","            Array.from(document.querySelectorAll('.on' + event)).forEach(function (element) {","                element.addEventListener(event, local.testRunBrowser);","            });","        });","        // run tests","        local.testRunBrowser();","        break;","","","","    // run node js-env code - init-after","    /* istanbul ignore next */","    case 'node':","        // export local","        module.exports = local;","        // require modules","        local.fs = require('fs');","        local.http = require('http');","        local.url = require('url');","        // init assets","        local.assetsDict = local.assetsDict || {};","        /* jslint-ignore-begin */","        local.assetsDict['/assets.index.template.html'] = '\\","<!doctype html>\\n\\","<html lang=\"en\">\\n\\","<head>\\n\\","<meta charset=\"UTF-8\">\\n\\","<meta name=\"viewport\" content=\"width=device-width, initial-scale=1\">\\n\\","<title>{{env.npm_package_name}} (v{{env.npm_package_version}})</title>\\n\\","<style>\\n\\","/*csslint\\n\\","    box-sizing: false,\\n\\","    universal-selector: false\\n\\","*/\\n\\","* {\\n\\","    box-sizing: border-box;\\n\\","}\\n\\","body {\\n\\","    background: #dde;\\n\\","    font-family: Arial, Helvetica, sans-serif;\\n\\","    margin: 2rem;\\n\\","}\\n\\","body > * {\\n\\","    margin-bottom: 1rem;\\n\\","}\\n\\",".utility2FooterDiv {\\n\\","    margin-top: 20px;\\n\\","    text-align: center;\\n\\","}\\n\\","</style>\\n\\","<style>\\n\\","/*csslint\\n\\","*/\\n\\","textarea {\\n\\","    font-family: monospace;\\n\\","    height: 10rem;\\n\\","    width: 100%;\\n\\","}\\n\\","textarea[readonly] {\\n\\","    background: #ddd;\\n\\","}\\n\\","</style>\\n\\","</head>\\n\\","<body>\\n\\","<!-- utility2-comment\\n\\","<div id=\"ajaxProgressDiv1\" style=\"background: #d00; height: 2px; left: 0; margin: 0; padding: 0; position: fixed; top: 0; transition: background 0.5s, width 1.5s; width: 25%;\"></div>\\n\\","utility2-comment -->\\n\\","<h1>\\n\\","<!-- utility2-comment\\n\\","    <a\\n\\","        {{#if env.npm_package_homepage}}\\n\\","        href=\"{{env.npm_package_homepage}}\"\\n\\","        {{/if env.npm_package_homepage}}\\n\\","        target=\"_blank\"\\n\\","    >\\n\\","utility2-comment -->\\n\\","        {{env.npm_package_name}} (v{{env.npm_package_version}})\\n\\","<!-- utility2-comment\\n\\","    </a>\\n\\","utility2-comment -->\\n\\","</h1>\\n\\","<h3>{{env.npm_package_description}}</h3>\\n\\","<!-- utility2-comment\\n\\","<h4><a download href=\"assets.app.js\">download standalone app</a></h4>\\n\\","<button class=\"onclick onreset\" id=\"testRunButton1\">run internal test</button><br>\\n\\","<div id=\"testReportDiv1\" style=\"display: none;\"></div>\\n\\","utility2-comment -->\\n\\","\\n\\","\\n\\","\\n\\","<label>stderr and stdout</label>\\n\\","<textarea class=\"resettable\" id=\"outputTextareaStdout1\" readonly></textarea>\\n\\","<!-- utility2-comment\\n\\","{{#if isRollup}}\\n\\","<script src=\"assets.app.js\"></script>\\n\\","{{#unless isRollup}}\\n\\","utility2-comment -->\\n\\","<script src=\"assets.utility2.rollup.js\"></script>\\n\\","<script src=\"jsonp.utility2._stateInit?callback=window.utility2._stateInit\"></script>\\n\\","<script src=\"assets.npmtest_loglevel.rollup.js\"></script>\\n\\","<script src=\"assets.example.js\"></script>\\n\\","<script src=\"assets.test.js\"></script>\\n\\","<!-- utility2-comment\\n\\","{{/if isRollup}}\\n\\","utility2-comment -->\\n\\","<div class=\"utility2FooterDiv\">\\n\\","    [ this app was created with\\n\\","    <a href=\"https://github.com/kaizhu256/node-utility2\" target=\"_blank\">utility2</a>\\n\\","    ]\\n\\","</div>\\n\\","</body>\\n\\","</html>\\n\\","';","        /* jslint-ignore-end */","        if (local.templateRender) {","            local.assetsDict['/'] = local.templateRender(","                local.assetsDict['/assets.index.template.html'],","                {","                    env: local.objectSetDefault(local.env, {","                        npm_package_description: 'the greatest app in the world!',","                        npm_package_name: 'my-app',","                        npm_package_nameAlias: 'my_app',","                        npm_package_version: '0.0.1'","                    })","                }","            );","        } else {","            local.assetsDict['/'] = local.assetsDict['/assets.index.template.html']","                .replace((/\\{\\{env\\.(\\w+?)\\}\\}/g), function (match0, match1) {","                    // jslint-hack","                    String(match0);","                    switch (match1) {","                    case 'npm_package_description':","                        return 'the greatest app in the world!';","                    case 'npm_package_name':","                        return 'my-app';","                    case 'npm_package_nameAlias':","                        return 'my_app';","                    case 'npm_package_version':","                        return '0.0.1';","                    }","                });","        }","        // run the cli","        if (local.global.utility2_rollup || module !== require.main) {","            break;","        }","        local.assetsDict['/assets.example.js'] =","            local.assetsDict['/assets.example.js'] ||","            local.fs.readFileSync(__filename, 'utf8');","        // bug-workaround - long $npm_package_buildCustomOrg","        /* jslint-ignore-begin */","        local.assetsDict['/assets.npmtest_loglevel.rollup.js'] =","            local.assetsDict['/assets.npmtest_loglevel.rollup.js'] ||","            local.fs.readFileSync(","                local.npmtest_loglevel.__dirname + '/lib.npmtest_loglevel.js',","                'utf8'","            ).replace((/^#!/), '//');","        /* jslint-ignore-end */","        local.assetsDict['/favicon.ico'] = local.assetsDict['/favicon.ico'] || '';","        // if $npm_config_timeout_exit exists,","        // then exit this process after $npm_config_timeout_exit ms","        if (Number(process.env.npm_config_timeout_exit)) {","            setTimeout(process.exit, Number(process.env.npm_config_timeout_exit));","        }","        // start server","        if (local.global.utility2_serverHttp1) {","            break;","        }","        process.env.PORT = process.env.PORT || '8081';","        console.error('server starting on port ' + process.env.PORT);","        local.http.createServer(function (request, response) {","            request.urlParsed = local.url.parse(request.url);","            if (local.assetsDict[request.urlParsed.pathname] !== undefined) {","                response.end(local.assetsDict[request.urlParsed.pathname]);","                return;","            }","            response.statusCode = 404;","            response.end();","        }).listen(process.env.PORT);","        break;","    }","}());",""],"l":{"26":2,"28":2,"33":2,"35":2,"37":2,"38":2,"39":2,"44":1,"51":2,"55":2,"59":2,"61":2,"69":1,"70":2,"76":2,"79":2,"82":2,"83":2,"85":1,"89":2,"92":1,"93":1,"94":1,"96":1,"97":1,"100":1,"101":1,"103":1,"106":1,"108":2,"114":1,"116":1,"118":1,"123":1,"124":2,"125":2,"126":3,"127":3,"128":3,"129":3,"130":1,"133":3,"134":3,"139":3,"143":1,"144":3,"145":1,"149":1,"150":1,"158":1,"160":1,"161":1,"162":1,"164":1,"166":1,"258":1,"259":1,"271":1,"274":6,"275":6,"277":1,"279":2,"281":1,"283":2,"288":1,"289":1,"291":1,"296":1,"303":1,"306":1,"307":1,"310":1,"311":1,"313":1,"314":1,"315":1,"316":1,"317":1,"318":1,"319":1,"321":1,"322":1,"324":1}},"/home/travis/build/npmtest/node-npmtest-loglevel/node_modules/loglevel/lib/loglevel.js":{"path":"/home/travis/build/npmtest/node-npmtest-loglevel/node_modules/loglevel/lib/loglevel.js","s":{"1":1,"2":1,"3":0,"4":1,"5":1,"6":0,"7":1,"8":1,"9":1,"10":2,"11":0,"12":2,"13":2,"14":0,"15":0,"16":0,"17":1,"18":2,"19":2,"20":2,"21":0,"22":0,"23":0,"24":0,"25":1,"26":0,"27":0,"28":0,"29":0,"30":1,"31":1,"32":5,"33":5,"34":1,"35":2,"36":1,"37":1,"38":1,"39":1,"40":1,"41":1,"42":0,"43":1,"44":0,"45":0,"46":0,"47":0,"48":0,"49":0,"50":1,"51":1,"52":1,"53":1,"54":1,"55":1,"56":1,"57":0,"58":0,"59":0,"60":1,"61":1,"62":1,"63":1,"64":1,"65":1,"66":0,"67":1,"68":1,"69":1,"70":1,"71":1,"72":1,"73":0,"74":1,"75":1,"76":0,"77":0,"78":1,"79":0,"80":0,"81":1,"82":0,"83":1,"84":0,"85":1,"86":1,"87":1,"88":1,"89":1,"90":1,"91":1,"92":0,"93":0,"94":0,"95":0,"96":0,"97":0,"98":1,"99":1,"100":0,"101":0,"102":0,"103":1},"b":{"1":[0,1],"2":[1,0],"3":[1,0],"4":[1,1],"5":[0,2],"6":[2,0],"7":[0,0],"8":[2,0],"9":[0,0],"10":[3,2],"11":[2,0],"12":[0,1],"13":[0,0],"14":[1,0],"15":[0,0],"16":[1,0],"17":[1,1],"18":[1,0],"19":[1,1],"20":[1,0],"21":[1,1,1],"22":[0,1],"23":[0,1],"24":[1,0],"25":[0,0],"26":[1,0],"27":[1,0],"28":[0,0],"29":[0,0],"30":[0,0],"31":[0,1],"32":[0,0],"33":[0,0]},"f":{"1":1,"2":1,"3":0,"4":2,"5":2,"6":0,"7":0,"8":0,"9":1,"10":2,"11":1,"12":0,"13":1,"14":0,"15":1,"16":0,"17":0,"18":0,"19":0,"20":0},"fnMap":{"1":{"name":"(anonymous_1)","line":7,"loc":{"start":{"line":7,"column":1},"end":{"line":7,"column":29}}},"2":{"name":"(anonymous_2)","line":16,"loc":{"start":{"line":16,"column":8},"end":{"line":16,"column":20}}},"3":{"name":"(anonymous_3)","line":18,"loc":{"start":{"line":18,"column":15},"end":{"line":18,"column":26}}},"4":{"name":"realMethod","line":21,"loc":{"start":{"line":21,"column":4},"end":{"line":21,"column":36}}},"5":{"name":"bindMethod","line":33,"loc":{"start":{"line":33,"column":4},"end":{"line":33,"column":41}}},"6":{"name":"(anonymous_6)","line":42,"loc":{"start":{"line":42,"column":23},"end":{"line":42,"column":34}}},"7":{"name":"enableLoggingWhenConsoleArrives","line":51,"loc":{"start":{"line":51,"column":4},"end":{"line":51,"column":76}}},"8":{"name":"(anonymous_8)","line":52,"loc":{"start":{"line":52,"column":15},"end":{"line":52,"column":27}}},"9":{"name":"replaceLoggingMethods","line":60,"loc":{"start":{"line":60,"column":4},"end":{"line":60,"column":54}}},"10":{"name":"defaultMethodFactory","line":70,"loc":{"start":{"line":70,"column":4},"end":{"line":70,"column":65}}},"11":{"name":"Logger","line":84,"loc":{"start":{"line":84,"column":4},"end":{"line":84,"column":49}}},"12":{"name":"persistLevelIfPossible","line":92,"loc":{"start":{"line":92,"column":6},"end":{"line":92,"column":48}}},"13":{"name":"getPersistedLevel","line":108,"loc":{"start":{"line":108,"column":6},"end":{"line":108,"column":35}}},"14":{"name":"(anonymous_14)","line":145,"loc":{"start":{"line":145,"column":22},"end":{"line":145,"column":34}}},"15":{"name":"(anonymous_15)","line":149,"loc":{"start":{"line":149,"column":22},"end":{"line":149,"column":48}}},"16":{"name":"(anonymous_16)","line":167,"loc":{"start":{"line":167,"column":29},"end":{"line":167,"column":46}}},"17":{"name":"(anonymous_17)","line":173,"loc":{"start":{"line":173,"column":23},"end":{"line":173,"column":41}}},"18":{"name":"(anonymous_18)","line":177,"loc":{"start":{"line":177,"column":24},"end":{"line":177,"column":42}}},"19":{"name":"getLogger","line":198,"loc":{"start":{"line":198,"column":30},"end":{"line":198,"column":55}}},"20":{"name":"(anonymous_20)","line":213,"loc":{"start":{"line":213,"column":31},"end":{"line":213,"column":42}}}},"statementMap":{"1":{"start":{"line":7,"column":0},"end":{"line":223,"column":4}},"2":{"start":{"line":9,"column":4},"end":{"line":15,"column":5}},"3":{"start":{"line":10,"column":8},"end":{"line":10,"column":27}},"4":{"start":{"line":11,"column":11},"end":{"line":15,"column":5}},"5":{"start":{"line":12,"column":8},"end":{"line":12,"column":38}},"6":{"start":{"line":14,"column":8},"end":{"line":14,"column":32}},"7":{"start":{"line":18,"column":4},"end":{"line":18,"column":29}},"8":{"start":{"line":19,"column":4},"end":{"line":19,"column":36}},"9":{"start":{"line":21,"column":4},"end":{"line":31,"column":5}},"10":{"start":{"line":22,"column":8},"end":{"line":30,"column":9}},"11":{"start":{"line":23,"column":12},"end":{"line":23,"column":25}},"12":{"start":{"line":24,"column":15},"end":{"line":30,"column":9}},"13":{"start":{"line":25,"column":12},"end":{"line":25,"column":51}},"14":{"start":{"line":26,"column":15},"end":{"line":30,"column":9}},"15":{"start":{"line":27,"column":12},"end":{"line":27,"column":46}},"16":{"start":{"line":29,"column":12},"end":{"line":29,"column":24}},"17":{"start":{"line":33,"column":4},"end":{"line":47,"column":5}},"18":{"start":{"line":34,"column":8},"end":{"line":34,"column":37}},"19":{"start":{"line":35,"column":8},"end":{"line":46,"column":9}},"20":{"start":{"line":36,"column":12},"end":{"line":36,"column":36}},"21":{"start":{"line":38,"column":12},"end":{"line":45,"column":13}},"22":{"start":{"line":39,"column":16},"end":{"line":39,"column":65}},"23":{"start":{"line":42,"column":16},"end":{"line":44,"column":18}},"24":{"start":{"line":43,"column":20},"end":{"line":43,"column":84}},"25":{"start":{"line":51,"column":4},"end":{"line":58,"column":5}},"26":{"start":{"line":52,"column":8},"end":{"line":57,"column":10}},"27":{"start":{"line":53,"column":12},"end":{"line":56,"column":13}},"28":{"start":{"line":54,"column":16},"end":{"line":54,"column":68}},"29":{"start":{"line":55,"column":16},"end":{"line":55,"column":56}},"30":{"start":{"line":60,"column":4},"end":{"line":68,"column":5}},"31":{"start":{"line":62,"column":8},"end":{"line":67,"column":9}},"32":{"start":{"line":63,"column":12},"end":{"line":63,"column":43}},"33":{"start":{"line":64,"column":12},"end":{"line":66,"column":66}},"34":{"start":{"line":70,"column":4},"end":{"line":74,"column":5}},"35":{"start":{"line":72,"column":8},"end":{"line":73,"column":70}},"36":{"start":{"line":76,"column":4},"end":{"line":82,"column":6}},"37":{"start":{"line":84,"column":4},"end":{"line":187,"column":5}},"38":{"start":{"line":85,"column":6},"end":{"line":85,"column":22}},"39":{"start":{"line":86,"column":6},"end":{"line":86,"column":23}},"40":{"start":{"line":87,"column":6},"end":{"line":87,"column":34}},"41":{"start":{"line":88,"column":6},"end":{"line":90,"column":7}},"42":{"start":{"line":89,"column":8},"end":{"line":89,"column":33}},"43":{"start":{"line":92,"column":6},"end":{"line":106,"column":7}},"44":{"start":{"line":93,"column":10},"end":{"line":93,"column":75}},"45":{"start":{"line":96,"column":10},"end":{"line":99,"column":29}},"46":{"start":{"line":97,"column":14},"end":{"line":97,"column":58}},"47":{"start":{"line":98,"column":14},"end":{"line":98,"column":21}},"48":{"start":{"line":102,"column":10},"end":{"line":105,"column":29}},"49":{"start":{"line":103,"column":14},"end":{"line":104,"column":71}},"50":{"start":{"line":108,"column":6},"end":{"line":132,"column":7}},"51":{"start":{"line":109,"column":10},"end":{"line":109,"column":26}},"52":{"start":{"line":111,"column":10},"end":{"line":113,"column":29}},"53":{"start":{"line":112,"column":14},"end":{"line":112,"column":60}},"54":{"start":{"line":115,"column":10},"end":{"line":124,"column":11}},"55":{"start":{"line":116,"column":14},"end":{"line":123,"column":33}},"56":{"start":{"line":117,"column":18},"end":{"line":117,"column":54}},"57":{"start":{"line":118,"column":18},"end":{"line":119,"column":60}},"58":{"start":{"line":120,"column":18},"end":{"line":122,"column":19}},"59":{"start":{"line":121,"column":22},"end":{"line":121,"column":79}},"60":{"start":{"line":127,"column":10},"end":{"line":129,"column":11}},"61":{"start":{"line":128,"column":14},"end":{"line":128,"column":38}},"62":{"start":{"line":131,"column":10},"end":{"line":131,"column":29}},"63":{"start":{"line":140,"column":6},"end":{"line":141,"column":35}},"64":{"start":{"line":143,"column":6},"end":{"line":143,"column":59}},"65":{"start":{"line":145,"column":6},"end":{"line":147,"column":8}},"66":{"start":{"line":146,"column":10},"end":{"line":146,"column":30}},"67":{"start":{"line":149,"column":6},"end":{"line":165,"column":8}},"68":{"start":{"line":150,"column":10},"end":{"line":152,"column":11}},"69":{"start":{"line":151,"column":14},"end":{"line":151,"column":55}},"70":{"start":{"line":153,"column":10},"end":{"line":164,"column":11}},"71":{"start":{"line":154,"column":14},"end":{"line":154,"column":35}},"72":{"start":{"line":155,"column":14},"end":{"line":157,"column":15}},"73":{"start":{"line":156,"column":18},"end":{"line":156,"column":48}},"74":{"start":{"line":158,"column":14},"end":{"line":158,"column":60}},"75":{"start":{"line":159,"column":14},"end":{"line":161,"column":15}},"76":{"start":{"line":160,"column":18},"end":{"line":160,"column":60}},"77":{"start":{"line":163,"column":14},"end":{"line":163,"column":73}},"78":{"start":{"line":167,"column":6},"end":{"line":171,"column":8}},"79":{"start":{"line":168,"column":10},"end":{"line":170,"column":11}},"80":{"start":{"line":169,"column":14},"end":{"line":169,"column":42}},"81":{"start":{"line":173,"column":6},"end":{"line":175,"column":8}},"82":{"start":{"line":174,"column":10},"end":{"line":174,"column":52}},"83":{"start":{"line":177,"column":6},"end":{"line":179,"column":8}},"84":{"start":{"line":178,"column":10},"end":{"line":178,"column":53}},"85":{"start":{"line":182,"column":6},"end":{"line":182,"column":45}},"86":{"start":{"line":183,"column":6},"end":{"line":185,"column":7}},"87":{"start":{"line":184,"column":10},"end":{"line":184,"column":70}},"88":{"start":{"line":186,"column":6},"end":{"line":186,"column":41}},"89":{"start":{"line":195,"column":4},"end":{"line":195,"column":37}},"90":{"start":{"line":197,"column":4},"end":{"line":197,"column":28}},"91":{"start":{"line":198,"column":4},"end":{"line":209,"column":6}},"92":{"start":{"line":199,"column":8},"end":{"line":201,"column":9}},"93":{"start":{"line":200,"column":10},"end":{"line":200,"column":80}},"94":{"start":{"line":203,"column":8},"end":{"line":203,"column":42}},"95":{"start":{"line":204,"column":8},"end":{"line":207,"column":9}},"96":{"start":{"line":205,"column":10},"end":{"line":206,"column":73}},"97":{"start":{"line":208,"column":8},"end":{"line":208,"column":22}},"98":{"start":{"line":212,"column":4},"end":{"line":212,"column":74}},"99":{"start":{"line":213,"column":4},"end":{"line":220,"column":6}},"100":{"start":{"line":214,"column":8},"end":{"line":217,"column":9}},"101":{"start":{"line":216,"column":12},"end":{"line":216,"column":30}},"102":{"start":{"line":219,"column":8},"end":{"line":219,"column":29}},"103":{"start":{"line":222,"column":4},"end":{"line":222,"column":25}}},"branchMap":{"1":{"line":9,"type":"if","locations":[{"start":{"line":9,"column":4},"end":{"line":9,"column":4}},{"start":{"line":9,"column":4},"end":{"line":9,"column":4}}]},"2":{"line":9,"type":"binary-expr","locations":[{"start":{"line":9,"column":8},"end":{"line":9,"column":36}},{"start":{"line":9,"column":40},"end":{"line":9,"column":50}}]},"3":{"line":11,"type":"if","locations":[{"start":{"line":11,"column":11},"end":{"line":11,"column":11}},{"start":{"line":11,"column":11},"end":{"line":11,"column":11}}]},"4":{"line":11,"type":"binary-expr","locations":[{"start":{"line":11,"column":15},"end":{"line":11,"column":41}},{"start":{"line":11,"column":45},"end":{"line":11,"column":59}}]},"5":{"line":22,"type":"if","locations":[{"start":{"line":22,"column":8},"end":{"line":22,"column":8}},{"start":{"line":22,"column":8},"end":{"line":22,"column":8}}]},"6":{"line":24,"type":"if","locations":[{"start":{"line":24,"column":15},"end":{"line":24,"column":15}},{"start":{"line":24,"column":15},"end":{"line":24,"column":15}}]},"7":{"line":26,"type":"if","locations":[{"start":{"line":26,"column":15},"end":{"line":26,"column":15}},{"start":{"line":26,"column":15},"end":{"line":26,"column":15}}]},"8":{"line":35,"type":"if","locations":[{"start":{"line":35,"column":8},"end":{"line":35,"column":8}},{"start":{"line":35,"column":8},"end":{"line":35,"column":8}}]},"9":{"line":53,"type":"if","locations":[{"start":{"line":53,"column":12},"end":{"line":53,"column":12}},{"start":{"line":53,"column":12},"end":{"line":53,"column":12}}]},"10":{"line":64,"type":"cond-expr","locations":[{"start":{"line":65,"column":16},"end":{"line":65,"column":20}},{"start":{"line":66,"column":16},"end":{"line":66,"column":65}}]},"11":{"line":72,"type":"binary-expr","locations":[{"start":{"line":72,"column":15},"end":{"line":72,"column":37}},{"start":{"line":73,"column":15},"end":{"line":73,"column":69}}]},"12":{"line":88,"type":"if","locations":[{"start":{"line":88,"column":6},"end":{"line":88,"column":6}},{"start":{"line":88,"column":6},"end":{"line":88,"column":6}}]},"13":{"line":93,"type":"binary-expr","locations":[{"start":{"line":93,"column":27},"end":{"line":93,"column":47}},{"start":{"line":93,"column":51},"end":{"line":93,"column":59}}]},"14":{"line":115,"type":"if","locations":[{"start":{"line":115,"column":10},"end":{"line":115,"column":10}},{"start":{"line":115,"column":10},"end":{"line":115,"column":10}}]},"15":{"line":120,"type":"if","locations":[{"start":{"line":120,"column":18},"end":{"line":120,"column":18}},{"start":{"line":120,"column":18},"end":{"line":120,"column":18}}]},"16":{"line":127,"type":"if","locations":[{"start":{"line":127,"column":10},"end":{"line":127,"column":10}},{"start":{"line":127,"column":10},"end":{"line":127,"column":10}}]},"17":{"line":143,"type":"binary-expr","locations":[{"start":{"line":143,"column":27},"end":{"line":143,"column":34}},{"start":{"line":143,"column":38},"end":{"line":143,"column":58}}]},"18":{"line":150,"type":"if","locations":[{"start":{"line":150,"column":10},"end":{"line":150,"column":10}},{"start":{"line":150,"column":10},"end":{"line":150,"column":10}}]},"19":{"line":150,"type":"binary-expr","locations":[{"start":{"line":150,"column":14},"end":{"line":150,"column":39}},{"start":{"line":150,"column":43},"end":{"line":150,"column":89}}]},"20":{"line":153,"type":"if","locations":[{"start":{"line":153,"column":10},"end":{"line":153,"column":10}},{"start":{"line":153,"column":10},"end":{"line":153,"column":10}}]},"21":{"line":153,"type":"binary-expr","locations":[{"start":{"line":153,"column":14},"end":{"line":153,"column":39}},{"start":{"line":153,"column":43},"end":{"line":153,"column":53}},{"start":{"line":153,"column":57},"end":{"line":153,"column":84}}]},"22":{"line":155,"type":"if","locations":[{"start":{"line":155,"column":14},"end":{"line":155,"column":14}},{"start":{"line":155,"column":14},"end":{"line":155,"column":14}}]},"23":{"line":159,"type":"if","locations":[{"start":{"line":159,"column":14},"end":{"line":159,"column":14}},{"start":{"line":159,"column":14},"end":{"line":159,"column":14}}]},"24":{"line":159,"type":"binary-expr","locations":[{"start":{"line":159,"column":18},"end":{"line":159,"column":50}},{"start":{"line":159,"column":54},"end":{"line":159,"column":80}}]},"25":{"line":168,"type":"if","locations":[{"start":{"line":168,"column":10},"end":{"line":168,"column":10}},{"start":{"line":168,"column":10},"end":{"line":168,"column":10}}]},"26":{"line":183,"type":"if","locations":[{"start":{"line":183,"column":6},"end":{"line":183,"column":6}},{"start":{"line":183,"column":6},"end":{"line":183,"column":6}}]},"27":{"line":184,"type":"cond-expr","locations":[{"start":{"line":184,"column":48},"end":{"line":184,"column":54}},{"start":{"line":184,"column":57},"end":{"line":184,"column":69}}]},"28":{"line":199,"type":"if","locations":[{"start":{"line":199,"column":8},"end":{"line":199,"column":8}},{"start":{"line":199,"column":8},"end":{"line":199,"column":8}}]},"29":{"line":199,"type":"binary-expr","locations":[{"start":{"line":199,"column":12},"end":{"line":199,"column":36}},{"start":{"line":199,"column":40},"end":{"line":199,"column":51}}]},"30":{"line":204,"type":"if","locations":[{"start":{"line":204,"column":8},"end":{"line":204,"column":8}},{"start":{"line":204,"column":8},"end":{"line":204,"column":8}}]},"31":{"line":212,"type":"cond-expr","locations":[{"start":{"line":212,"column":51},"end":{"line":212,"column":61}},{"start":{"line":212,"column":64},"end":{"line":212,"column":73}}]},"32":{"line":214,"type":"if","locations":[{"start":{"line":214,"column":8},"end":{"line":214,"column":8}},{"start":{"line":214,"column":8},"end":{"line":214,"column":8}}]},"33":{"line":214,"type":"binary-expr","locations":[{"start":{"line":214,"column":12},"end":{"line":214,"column":43}},{"start":{"line":215,"column":15},"end":{"line":215,"column":43}}]}},"code":["/*","* loglevel - https://github.com/pimterry/loglevel","*","* Copyright (c) 2013 Tim Perry","* Licensed under the MIT license.","*/","(function (root, definition) {","    \"use strict\";","    if (typeof define === 'function' && define.amd) {","        define(definition);","    } else if (typeof module === 'object' && module.exports) {","        module.exports = definition();","    } else {","        root.log = definition();","    }","}(this, function () {","    \"use strict\";","    var noop = function() {};","    var undefinedType = \"undefined\";","","    function realMethod(methodName) {","        if (typeof console === undefinedType) {","            return false; // We can't build a real method without a console to log to","        } else if (console[methodName] !== undefined) {","            return bindMethod(console, methodName);","        } else if (console.log !== undefined) {","            return bindMethod(console, 'log');","        } else {","            return noop;","        }","    }","","    function bindMethod(obj, methodName) {","        var method = obj[methodName];","        if (typeof method.bind === 'function') {","            return method.bind(obj);","        } else {","            try {","                return Function.prototype.bind.call(method, obj);","            } catch (e) {","                // Missing bind shim or IE8 + Modernizr, fallback to wrapping","                return function() {","                    return Function.prototype.apply.apply(method, [obj, arguments]);","                };","            }","        }","    }","","    // these private functions always need `this` to be set properly","","    function enableLoggingWhenConsoleArrives(methodName, level, loggerName) {","        return function () {","            if (typeof console !== undefinedType) {","                replaceLoggingMethods.call(this, level, loggerName);","                this[methodName].apply(this, arguments);","            }","        };","    }","","    function replaceLoggingMethods(level, loggerName) {","        /*jshint validthis:true */","        for (var i = 0; i < logMethods.length; i++) {","            var methodName = logMethods[i];","            this[methodName] = (i < level) ?","                noop :","                this.methodFactory(methodName, level, loggerName);","        }","    }","","    function defaultMethodFactory(methodName, level, loggerName) {","        /*jshint validthis:true */","        return realMethod(methodName) ||","               enableLoggingWhenConsoleArrives.apply(this, arguments);","    }","","    var logMethods = [","        \"trace\",","        \"debug\",","        \"info\",","        \"warn\",","        \"error\"","    ];","","    function Logger(name, defaultLevel, factory) {","      var self = this;","      var currentLevel;","      var storageKey = \"loglevel\";","      if (name) {","        storageKey += \":\" + name;","      }","","      function persistLevelIfPossible(levelNum) {","          var levelName = (logMethods[levelNum] || 'silent').toUpperCase();","","          // Use localStorage if available","          try {","              window.localStorage[storageKey] = levelName;","              return;","          } catch (ignore) {}","","          // Use session cookie as fallback","          try {","              window.document.cookie =","                encodeURIComponent(storageKey) + \"=\" + levelName + \";\";","          } catch (ignore) {}","      }","","      function getPersistedLevel() {","          var storedLevel;","","          try {","              storedLevel = window.localStorage[storageKey];","          } catch (ignore) {}","","          if (typeof storedLevel === undefinedType) {","              try {","                  var cookie = window.document.cookie;","                  var location = cookie.indexOf(","                      encodeURIComponent(storageKey) + \"=\");","                  if (location) {","                      storedLevel = /^([^;]+)/.exec(cookie.slice(location))[1];","                  }","              } catch (ignore) {}","          }","","          // If the stored level is not valid, treat it as if nothing was stored.","          if (self.levels[storedLevel] === undefined) {","              storedLevel = undefined;","          }","","          return storedLevel;","      }","","      /*","       *","       * Public API","       *","       */","","      self.levels = { \"TRACE\": 0, \"DEBUG\": 1, \"INFO\": 2, \"WARN\": 3,","          \"ERROR\": 4, \"SILENT\": 5};","","      self.methodFactory = factory || defaultMethodFactory;","","      self.getLevel = function () {","          return currentLevel;","      };","","      self.setLevel = function (level, persist) {","          if (typeof level === \"string\" && self.levels[level.toUpperCase()] !== undefined) {","              level = self.levels[level.toUpperCase()];","          }","          if (typeof level === \"number\" && level >= 0 && level <= self.levels.SILENT) {","              currentLevel = level;","              if (persist !== false) {  // defaults to true","                  persistLevelIfPossible(level);","              }","              replaceLoggingMethods.call(self, level, name);","              if (typeof console === undefinedType && level < self.levels.SILENT) {","                  return \"No console available for logging\";","              }","          } else {","              throw \"log.setLevel() called with invalid level: \" + level;","          }","      };","","      self.setDefaultLevel = function (level) {","          if (!getPersistedLevel()) {","              self.setLevel(level, false);","          }","      };","","      self.enableAll = function(persist) {","          self.setLevel(self.levels.TRACE, persist);","      };","","      self.disableAll = function(persist) {","          self.setLevel(self.levels.SILENT, persist);","      };","","      // Initialize with the right level","      var initialLevel = getPersistedLevel();","      if (initialLevel == null) {","          initialLevel = defaultLevel == null ? \"WARN\" : defaultLevel;","      }","      self.setLevel(initialLevel, false);","    }","","    /*","     *","     * Package-level API","     *","     */","","    var defaultLogger = new Logger();","","    var _loggersByName = {};","    defaultLogger.getLogger = function getLogger(name) {","        if (typeof name !== \"string\" || name === \"\") {","          throw new TypeError(\"You must supply a name when creating a logger.\");","        }","","        var logger = _loggersByName[name];","        if (!logger) {","          logger = _loggersByName[name] = new Logger(","            name, defaultLogger.getLevel(), defaultLogger.methodFactory);","        }","        return logger;","    };","","    // Grab the current global log variable in case of overwrite","    var _log = (typeof window !== undefinedType) ? window.log : undefined;","    defaultLogger.noConflict = function() {","        if (typeof window !== undefinedType &&","               window.log === defaultLogger) {","            window.log = _log;","        }","","        return defaultLogger;","    };","","    return defaultLogger;","}));",""],"l":{"7":1,"9":1,"10":0,"11":1,"12":1,"14":0,"18":1,"19":1,"21":1,"22":2,"23":0,"24":2,"25":2,"26":0,"27":0,"29":0,"33":1,"34":2,"35":2,"36":2,"38":0,"39":0,"42":0,"43":0,"51":1,"52":0,"53":0,"54":0,"55":0,"60":1,"62":1,"63":5,"64":5,"70":1,"72":2,"76":1,"84":1,"85":1,"86":1,"87":1,"88":1,"89":0,"92":1,"93":0,"96":0,"97":0,"98":0,"102":0,"103":0,"108":1,"109":1,"111":1,"112":1,"115":1,"116":1,"117":1,"118":0,"120":0,"121":0,"127":1,"128":1,"131":1,"140":1,"143":1,"145":1,"146":0,"149":1,"150":1,"151":1,"153":1,"154":1,"155":1,"156":0,"158":1,"159":1,"160":0,"163":0,"167":1,"168":0,"169":0,"173":1,"174":0,"177":1,"178":0,"182":1,"183":1,"184":1,"186":1,"195":1,"197":1,"198":1,"199":0,"200":0,"203":0,"204":0,"205":0,"208":0,"212":1,"213":1,"214":0,"216":0,"219":0,"222":1}},"/home/travis/build/npmtest/node-npmtest-loglevel/node_modules/loglevel/Gruntfile.js":{"path":"/home/travis/build/npmtest/node-npmtest-loglevel/node_modules/loglevel/Gruntfile.js","s":{"1":1,"2":0,"3":0,"4":0,"5":0,"6":0,"7":0,"8":0,"9":0,"10":0,"11":0,"12":0,"13":0,"14":0,"15":0,"16":0,"17":0,"18":0,"19":0,"20":0,"21":0},"b":{"1":[0,0],"2":[0,0]},"f":{"1":0},"fnMap":{"1":{"name":"(anonymous_1)","line":3,"loc":{"start":{"line":3,"column":17},"end":{"line":3,"column":34}}}},"statementMap":{"1":{"start":{"line":3,"column":0},"end":{"line":228,"column":2}},"2":{"start":{"line":6,"column":4},"end":{"line":194,"column":7}},"3":{"start":{"line":197,"column":4},"end":{"line":197,"column":47}},"4":{"start":{"line":198,"column":4},"end":{"line":198,"column":47}},"5":{"start":{"line":199,"column":4},"end":{"line":199,"column":48}},"6":{"start":{"line":200,"column":4},"end":{"line":200,"column":42}},"7":{"start":{"line":201,"column":4},"end":{"line":201,"column":45}},"8":{"start":{"line":202,"column":4},"end":{"line":202,"column":47}},"9":{"start":{"line":203,"column":4},"end":{"line":203,"column":46}},"10":{"start":{"line":204,"column":4},"end":{"line":204,"column":46}},"11":{"start":{"line":206,"column":4},"end":{"line":206,"column":48}},"12":{"start":{"line":207,"column":4},"end":{"line":207,"column":37}},"13":{"start":{"line":208,"column":4},"end":{"line":208,"column":42}},"14":{"start":{"line":209,"column":4},"end":{"line":209,"column":43}},"15":{"start":{"line":210,"column":4},"end":{"line":210,"column":46}},"16":{"start":{"line":213,"column":4},"end":{"line":213,"column":61}},"17":{"start":{"line":216,"column":4},"end":{"line":216,"column":178}},"18":{"start":{"line":219,"column":4},"end":{"line":219,"column":118}},"19":{"start":{"line":222,"column":4},"end":{"line":222,"column":106}},"20":{"start":{"line":225,"column":4},"end":{"line":225,"column":42}},"21":{"start":{"line":226,"column":4},"end":{"line":226,"column":52}}},"branchMap":{"1":{"line":144,"type":"binary-expr","locations":[{"start":{"line":144,"column":27},"end":{"line":144,"column":55}},{"start":{"line":144,"column":59},"end":{"line":144,"column":66}}]},"2":{"line":144,"type":"binary-expr","locations":[{"start":{"line":144,"column":68},"end":{"line":144,"column":93}},{"start":{"line":144,"column":97},"end":{"line":144,"column":105}}]}},"code":["'use strict';","","module.exports = function (grunt) {","","    // Project configuration.","    grunt.initConfig({","        // Metadata.","        pkg: grunt.file.readJSON('package.json'),","        banner: '/*! <%= pkg.name %> - v<%= pkg.version %>' +","                ' - <%= pkg.homepage %>' +","                ' - (c) <%= grunt.template.today(\"yyyy\") %> <%= pkg.author.name %>' +","                ' - licensed <%= pkg.license %> */\\n',","        // Task configuration.","        concat: {","            options: {","                banner: '<%= banner %>',","                stripBanners: true","            },","            dist: {","                src: ['lib/<%= pkg.name %>.js'],","                dest: 'dist/<%= pkg.name %>.js'","            }","        },","        uglify: {","            options: {","                banner: '<%= banner %>'","            },","            dist: {","                src: '<%= concat.dist.dest %>',","                dest: 'dist/<%= pkg.name %>.min.js'","            }","        },","        jasmine: {","            requirejs: {","                src: [],","                options: {","                    specs: 'test/*-test.js',","                    vendor: 'test/vendor/*.js',","                    helpers: 'test/*-helper.js',","                    template: require('grunt-template-jasmine-requirejs')","                }","            },","            global: {","                src: 'lib/**/*.js',","                options: {","                    specs: 'test/global-integration.js',","                    vendor: 'test/vendor/*.js'","                }","            },","            context: {","                src: 'test/test-context-using-apply.test.js',","                options: {","                    specs: 'test/global-integration-with-new-context.js',","                    vendor: 'test/vendor/*.js'","                }","            },","            withCoverage: {","                src: 'lib/**/*.js',","                options: {","                    specs: 'test/*-test.js',","                    vendor: 'test/vendor/*.js',","                    helpers: 'test/*-helper.js',","                    template: require('grunt-template-jasmine-istanbul'),","                    templateOptions: {","                        coverage: 'coverage/coverage.json',","                        report: [","                            {","                                type: 'html',","                                options: {","                                    dir: 'coverage'","                                }","                            },","                            {","                                type: 'lcov',","                                options: {","                                    dir: 'coverage'","                                }","                            }","                        ],","","                        template: require('grunt-template-jasmine-requirejs'),","                        templateOptions: {","                            requireConfig: {","                                paths: {","                                    \"lib\": '.grunt/grunt-contrib-jasmine/lib/'","                                }","                            }","                        }","                    }","                }","            }","        },","        \"jasmine_node\": {","            options: {","                match: \"node-integration.\",","                matchall: true,","                projectRoot: \"./test\",","                useHelpers: false","            }","        },","        coveralls: {","            src: 'coverage/lcov.info'","        },","        open: {","            jasmine: {","                path: 'http://127.0.0.1:8000/_SpecRunner.html'","            }","        },","        connect: {","            test: {","                port: 8000,","                keepalive: true","            }","        },","        'saucelabs-jasmine': {","            // Requires valid SAUCE_USERNAME and SAUCE_ACCESS_KEY in env to run.","            all: {","                options: {","                    urls: ['http://localhost:8000/_SpecRunner.html'],","                    browsers: [","                        {\"browserName\": \"firefox\", \"platform\": \"Windows 2003\", \"version\": \"3.6\"},","                        {\"browserName\": \"firefox\", \"platform\": \"Windows 2003\", \"version\": \"4\"},","                        {\"browserName\": \"firefox\", \"platform\": \"Windows 2003\", \"version\": \"25\"},","                        {\"browserName\": \"safari\", \"platform\": \"Mac 10.6\", \"version\": \"5\"},","                        {\"browserName\": \"safari\", \"platform\": \"Mac 10.8\", \"version\": \"6\"},","                        {\"browserName\": \"googlechrome\", \"platform\": \"Windows 7\"},","                        {\"browserName\": \"opera\", \"platform\": \"Windows 2003\", \"version\": \"12\"},","                        // Disabled because old IE breaks the Jasmine runner; these have to be manually tested","                        // {\"browserName\": \"iehta\", \"platform\": \"Windows XP\", \"version\": \"6\"},","                        // {\"browserName\": \"iehta\", \"platform\": \"Windows XP\", \"version\": \"7\"},","                        // {\"browserName\": \"iehta\", \"platform\": \"Windows XP\", \"version\": \"8\"},","                        {\"browserName\": \"iehta\", \"platform\": \"Windows 7\", \"version\": \"9\"},","                        {\"browserName\": \"iehta\", \"platform\": \"Windows 7\", \"version\": \"10\"},","                        {\"browserName\": \"opera\", \"platform\": \"Windows 7\", \"version\": \"12\"},","                        {\"browserName\": \"android\", \"platform\": \"Linux\", \"version\": \"4.0\"},","                        {\"browserName\": \"iphone\", \"platform\": \"OS X 10.8\", \"version\": \"6\"}","                    ],","                    concurrency: 3,","                    detailedError: true,","                    testTimeout:10000,","                    testInterval:1000,","                    testReadyTimeout:2000,","                    testname: 'loglevel jasmine test',","                    tags: [process.env.TRAVIS_REPO_SLUG || \"local\", process.env.TRAVIS_COMMIT || \"manual\"]","                }","            }","        },","        jshint: {","            options: {","                jshintrc: '.jshintrc'","            },","            gruntfile: {","                src: 'Gruntfile.js'","            },","            lib: {","                options: {","                    jshintrc: 'lib/.jshintrc'","                },","                src: ['lib/**/*.js']","            },","            test: {","                options: {","                    jshintrc: 'test/.jshintrc'","                },","                src: ['test/*.js']","            }","        },","        watch: {","            gruntfile: {","                files: '<%= jshint.gruntfile.src %>',","                tasks: ['jshint:gruntfile']","            },","            lib: {","                files: '<%= jshint.lib.src %>',","                tasks: ['jshint:lib', 'jasmine']","            },","            test: {","                files: '<%= jshint.test.src %>',","                tasks: ['jshint:test', 'jasmine']","            }","        },","        qunit: {","            all: ['test/*-qunit.html']","        },","        preprocess: {","            \"test-context-using-apply\": {","                src: 'test/test-context-using-apply.js',","                dest: 'test/test-context-using-apply.test.js'","            }","        },","        clean:{","            test:['test/test-context-using-apply.test.js']","        }","    });","","    // These plugins provide necessary tasks.","    grunt.loadNpmTasks('grunt-contrib-concat');","    grunt.loadNpmTasks('grunt-contrib-uglify');","    grunt.loadNpmTasks('grunt-contrib-jasmine');","    grunt.loadNpmTasks('grunt-coveralls');","    grunt.loadNpmTasks('grunt-jasmine-node');","    grunt.loadNpmTasks('grunt-contrib-jshint');","    grunt.loadNpmTasks('grunt-contrib-watch');","    grunt.loadNpmTasks('grunt-contrib-qunit');","","    grunt.loadNpmTasks('grunt-contrib-connect');","    grunt.loadNpmTasks('grunt-open');","    grunt.loadNpmTasks('grunt-saucelabs');","    grunt.loadNpmTasks('grunt-preprocess');","    grunt.loadNpmTasks('grunt-contrib-clean');","","    // Build a distributable release","    grunt.registerTask('dist', ['test', 'concat', 'uglify']);","","    // Check everything is good","    grunt.registerTask('test', ['jshint', 'jasmine:requirejs', 'jasmine:global', 'preprocess', 'jasmine:context', 'clean:test', 'jasmine_node', 'jasmine:withCoverage', 'qunit']);","","    // Test with a live server and an actual browser","    grunt.registerTask('integration-test', ['jasmine:requirejs:src:build', 'open:jasmine', 'connect:test:keepalive']);","","    // Test with lots of browsers on saucelabs. Requires valid SAUCE_USERNAME and SAUCE_ACCESS_KEY in env to run.","    grunt.registerTask('saucelabs', ['jasmine:requirejs:src:build', 'connect:test', 'saucelabs-jasmine']);","","    // Default task.","    grunt.registerTask('default', 'test');","    grunt.registerTask('ci', ['test', 'coveralls']);","","};",""],"l":{"3":1,"6":0,"197":0,"198":0,"199":0,"200":0,"201":0,"202":0,"203":0,"204":0,"206":0,"207":0,"208":0,"209":0,"210":0,"213":0,"216":0,"219":0,"222":0,"225":0,"226":0}}}